\BOOKMARK [1][-]{section.1}{Introduction}{}% 1
\BOOKMARK [1][-]{section.2}{Flows, Cuts, and Networks}{}% 2
\BOOKMARK [2][-]{subsection.2.1}{Definitions}{section.2}% 3
\BOOKMARK [3][-]{subsubsection.2.1.1}{Flows}{subsection.2.1}% 4
\BOOKMARK [3][-]{subsubsection.2.1.2}{Cuts}{subsection.2.1}% 5
\BOOKMARK [3][-]{subsubsection.2.1.3}{Networks}{subsection.2.1}% 6
\BOOKMARK [3][-]{subsubsection.2.1.4}{Networks with Flows and Cuts}{subsection.2.1}% 7
\BOOKMARK [2][-]{subsection.2.2}{Properties}{section.2}% 8
\BOOKMARK [3][-]{subsubsection.2.2.1}{Flows}{subsection.2.2}% 9
\BOOKMARK [3][-]{subsubsection.2.2.2}{Networks}{subsection.2.2}% 10
\BOOKMARK [3][-]{subsubsection.2.2.3}{Networks with Flow}{subsection.2.2}% 11
\BOOKMARK [1][-]{section.3}{Residual Graph}{}% 12
\BOOKMARK [2][-]{subsection.3.1}{Definition}{section.3}% 13
\BOOKMARK [2][-]{subsection.3.2}{Properties}{section.3}% 14
\BOOKMARK [1][-]{section.4}{Augmenting Flows}{}% 15
\BOOKMARK [2][-]{subsection.4.1}{Augmentation of a Flow}{section.4}% 16
\BOOKMARK [2][-]{subsection.4.2}{Augmentation yields Valid Flow}{section.4}% 17
\BOOKMARK [3][-]{subsubsection.4.2.1}{Capacity Constraint}{subsection.4.2}% 18
\BOOKMARK [3][-]{subsubsection.4.2.2}{Conservation Constraint}{subsection.4.2}% 19
\BOOKMARK [2][-]{subsection.4.3}{Value of the Augmented Flow}{section.4}% 20
\BOOKMARK [1][-]{section.5}{Augmenting Paths}{}% 21
\BOOKMARK [2][-]{subsection.5.1}{Definitions}{section.5}% 22
\BOOKMARK [2][-]{subsection.5.2}{Augmenting Flow is Valid Flow}{section.5}% 23
\BOOKMARK [2][-]{subsection.5.3}{Value of Augmenting Flow is Residual Capacity}{section.5}% 24
\BOOKMARK [1][-]{section.6}{The Ford-Fulkerson Theorem}{}% 25
\BOOKMARK [2][-]{subsection.6.1}{Net Flow}{section.6}% 26
\BOOKMARK [2][-]{subsection.6.2}{Ford-Fulkerson Theorem}{section.6}% 27
\BOOKMARK [2][-]{subsection.6.3}{Corollaries}{section.6}% 28
