\BOOKMARK [0][-]{chapter.1}{The Hereditarily Finite Sets}{}% 1
\BOOKMARK [1][-]{section.1.1}{Basic Definitions and Lemmas}{chapter.1}% 2
\BOOKMARK [1][-]{section.1.2}{Verifying the Axioms of HF}{chapter.1}% 3
\BOOKMARK [1][-]{section.1.3}{Ordered Pairs, from ZF/ZF.thy}{chapter.1}% 4
\BOOKMARK [1][-]{section.1.4}{Unions, Comprehensions, Intersections}{chapter.1}% 5
\BOOKMARK [2][-]{subsection.1.4.1}{Unions}{section.1.4}% 6
\BOOKMARK [2][-]{subsection.1.4.2}{Set comprehensions}{section.1.4}% 7
\BOOKMARK [2][-]{subsection.1.4.3}{Union operators}{section.1.4}% 8
\BOOKMARK [2][-]{subsection.1.4.4}{Definition 1.8, Intersections}{section.1.4}% 9
\BOOKMARK [2][-]{subsection.1.4.5}{Set Difference}{section.1.4}% 10
\BOOKMARK [1][-]{section.1.5}{Replacement}{chapter.1}% 11
\BOOKMARK [1][-]{section.1.6}{Subset relation and the Lattice Properties}{chapter.1}% 12
\BOOKMARK [2][-]{subsection.1.6.1}{Rules for subsets}{section.1.6}% 13
\BOOKMARK [2][-]{subsection.1.6.2}{Lattice properties}{section.1.6}% 14
\BOOKMARK [1][-]{section.1.7}{Foundation, Cardinality, Powersets}{chapter.1}% 15
\BOOKMARK [2][-]{subsection.1.7.1}{Foundation}{section.1.7}% 16
\BOOKMARK [2][-]{subsection.1.7.2}{Cardinality}{section.1.7}% 17
\BOOKMARK [2][-]{subsection.1.7.3}{Powerset Operator}{section.1.7}% 18
\BOOKMARK [1][-]{section.1.8}{Bounded Quantifiers}{chapter.1}% 19
\BOOKMARK [0][-]{chapter.2}{Relations, Families, Ordinals}{}% 20
\BOOKMARK [1][-]{section.2.1}{Relations and Functions}{chapter.2}% 21
\BOOKMARK [1][-]{section.2.2}{Operations on families of sets}{chapter.2}% 22
\BOOKMARK [2][-]{subsection.2.2.1}{Rules for Unions and Intersections of families}{section.2.2}% 23
\BOOKMARK [2][-]{subsection.2.2.2}{Generalized Cartesian product}{section.2.2}% 24
\BOOKMARK [1][-]{section.2.3}{Disjoint Sum}{chapter.2}% 25
\BOOKMARK [1][-]{section.2.4}{Ordinals}{chapter.2}% 26
\BOOKMARK [2][-]{subsection.2.4.1}{Basic Definitions}{section.2.4}% 27
\BOOKMARK [2][-]{subsection.2.4.2}{Definition 2.2 \(Successor\).}{section.2.4}% 28
\BOOKMARK [2][-]{subsection.2.4.3}{Induction, Linearity, etc.}{section.2.4}% 29
\BOOKMARK [2][-]{subsection.2.4.4}{Supremum and Infimum}{section.2.4}% 30
\BOOKMARK [2][-]{subsection.2.4.5}{Converting Between Ordinals and Natural Numbers}{section.2.4}% 31
\BOOKMARK [1][-]{section.2.5}{Sequences and Ordinal Recursion}{chapter.2}% 32
\BOOKMARK [0][-]{chapter.3}{V-Sets, Epsilon Closure, Ranks}{}% 33
\BOOKMARK [1][-]{section.3.1}{V-sets}{chapter.3}% 34
\BOOKMARK [1][-]{section.3.2}{Least Ordinal Operator}{chapter.3}% 35
\BOOKMARK [1][-]{section.3.3}{Rank Function}{chapter.3}% 36
\BOOKMARK [1][-]{section.3.4}{Epsilon Closure}{chapter.3}% 37
\BOOKMARK [1][-]{section.3.5}{Epsilon-Recursion}{chapter.3}% 38
\BOOKMARK [0][-]{chapter.4}{An Application: Finite Automata}{}% 39
