This is pdfTeX, Version 3.1415926-2.5-1.40.14 (TeX Live 2013) (format=pdflatex 2013.8.15)  11 JAN 2014 18:50
entering extended mode
 restricted \write18 enabled.
 %&-line parsing enabled.
**\nonstopmode\input{root.tex}
(./root.tex (/usr/local/texlive/2013/texmf-dist/tex/latex/base/article.cls
Document Class: article 2007/10/19 v1.4h Standard LaTeX document class
(/usr/local/texlive/2013/texmf-dist/tex/latex/base/size11.clo
File: size11.clo 2007/10/19 v1.4h Standard LaTeX file (size option)
)
\c@part=\count79
\c@section=\count80
\c@subsection=\count81
\c@subsubsection=\count82
\c@paragraph=\count83
\c@subparagraph=\count84
\c@figure=\count85
\c@table=\count86
\abovecaptionskip=\skip41
\belowcaptionskip=\skip42
\bibindent=\dimen102
) (./isabelle.sty
\isa@parindent=\dimen103
\isa@parskip=\dimen104
(/Users/lp15/Library/texmf/tex/latex/misc/comment.sty
\CommentStream=\write3

Excluding comment 'comment') Including comment 'isadelimtheory'
Including comment 'isatagtheory' Including comment 'isadelimproof'
Including comment 'isatagproof' Including comment 'isadelimML'
Including comment 'isatagML' Including comment 'isadelimvisible'
Including comment 'isatagvisible' Excluding comment 'isadeliminvisible'
Excluding comment 'isataginvisible') (./isabelletags.sty) (./isabellesym.sty)
(./root.aux)
\openout1 = `root.aux'.

LaTeX Font Info:    Checking defaults for OML/cmm/m/it on input line 5.
LaTeX Font Info:    ... okay on input line 5.
LaTeX Font Info:    Checking defaults for T1/cmr/m/n on input line 5.
LaTeX Font Info:    ... okay on input line 5.
LaTeX Font Info:    Checking defaults for OT1/cmr/m/n on input line 5.
LaTeX Font Info:    ... okay on input line 5.
LaTeX Font Info:    Checking defaults for OMS/cmsy/m/n on input line 5.
LaTeX Font Info:    ... okay on input line 5.
LaTeX Font Info:    Checking defaults for OMX/cmex/m/n on input line 5.
LaTeX Font Info:    ... okay on input line 5.
LaTeX Font Info:    Checking defaults for U/cmr/m/n on input line 5.
LaTeX Font Info:    ... okay on input line 5.
LaTeX Font Info:    External font `cmex10' loaded for size
(Font)              <12> on input line 9.
LaTeX Font Info:    External font `cmex10' loaded for size
(Font)              <8> on input line 9.
LaTeX Font Info:    External font `cmex10' loaded for size
(Font)              <6> on input line 9.


LaTeX Warning: Citation `npw' on page 1 undefined on input line 13.


LaTeX Warning: Citation `sj_TB08' on page 1 undefined on input line 17.


LaTeX Warning: Citation `FocusStreamsCaseStudies-AFP' on page 1 undefined on in
put line 18.

(./root.toc)
\tf@toc=\write4
\openout4 = `root.toc'.

 [1

{/usr/local/texlive/2013/texmf-var/fonts/map/pdftex/updmap/pdftex.map}] (./sess
ion.tex (./ListExtras.tex) (./Secrecy_types.tex
LaTeX Font Info:    External font `cmex10' loaded for size
(Font)              <7> on input line 52.
LaTeX Font Info:    External font `cmex10' loaded for size
(Font)              <5> on input line 52.
) (./inout.tex
[2] [3]) (./Secrecy.tex [4] [5] [6] [7] [8] [9] [10] [11] [12] [13] [14]
[15] [16] [17] [18]) (./CompLocalSecrets.tex [19] [20] [21] [22] [23] [24]
[25]) (./KnowledgeKeysSecrets.tex
LaTeX Font Info:    Try loading font information for OMS+cmr on input line 29.

(/usr/local/texlive/2013/texmf-dist/tex/latex/base/omscmr.fd
File: omscmr.fd 1999/05/25 v2.5h Standard LaTeX font definitions
)
LaTeX Font Info:    Font shape `OMS/cmr/m/it' in size <10> not available
(Font)              Font shape `OMS/cmsy/m/n' tried instead on input line 29.
 [26] [27]
[28] [29] [30] [31] [32] [33] [34] [35] [36] [37] [38] [39] [40] [41]))
No file root.bbl.
[42] (./root.aux)

LaTeX Warning: There were undefined references.

 ) 
Here is how much of TeX's memory you used:
 848 strings out of 493315
 9998 string characters out of 6137904
 66314 words of memory out of 5000000
 4333 multiletter control sequences out of 15000+600000
 8542 words of font info for 30 fonts, out of 8000000 for 9000
 957 hyphenation exceptions out of 8191
 26i,8n,19p,629b,231s stack positions out of 5000i,500n,10000p,200000b,80000s
</usr/local/texlive/2013/../texmf-local/fonts/type1/bluesky/cm/cmbx10.pfb></u
sr/local/texlive/2013/../texmf-local/fonts/type1/bluesky/cm/cmbx12.pfb></usr/lo
cal/texlive/2013/../texmf-local/fonts/type1/bluesky/cm/cmex10.pfb></usr/local/t
exlive/2013/../texmf-local/fonts/type1/bluesky/cm/cmmi10.pfb></usr/local/texliv
e/2013/../texmf-local/fonts/type1/bluesky/cm/cmmi7.pfb></usr/local/texlive/2013
/../texmf-local/fonts/type1/bluesky/cm/cmr10.pfb></usr/local/texlive/2013/../te
xmf-local/fonts/type1/bluesky/cm/cmr12.pfb></usr/local/texlive/2013/../texmf-lo
cal/fonts/type1/bluesky/cm/cmr17.pfb></usr/local/texlive/2013/../texmf-local/fo
nts/type1/bluesky/cm/cmr7.pfb></usr/local/texlive/2013/../texmf-local/fonts/typ
e1/bluesky/cm/cmsy10.pfb></usr/local/texlive/2013/../texmf-local/fonts/type1/bl
uesky/cm/cmsy7.pfb></usr/local/texlive/2013/../texmf-local/fonts/type1/bluesky/
cm/cmti10.pfb>
Output written on root.pdf (42 pages, 131067 bytes).
PDF statistics:
 189 PDF objects out of 1000 (max. 8388607)
 131 compressed objects within 2 object streams
 0 named destinations out of 1000 (max. 500000)
 1 words of extra memory for PDF output out of 10000 (max. 10000000)

